#
# A fatal error has been detected by the Java Runtime Environment:
#
#  SIGSEGV (0xb) at pc=0x000000060007002b, pid=653, tid=0x0000000000005603
#
# JRE version: Java(TM) SE Runtime Environment (8.0_121-b13) (build 1.8.0_121-b13)
# Java VM: Java HotSpot(TM) 64-Bit Server VM (25.121-b13 mixed mode bsd-amd64 compressed oops)
# Problematic frame:
# C  0x000000060007002b
#
# Failed to write core dump. Core dumps have been disabled. To enable core dumping, try "ulimit -c unlimited" before starting Java again
#
# If you would like to submit a bug report, please visit:
#   http://bugreport.java.com/bugreport/crash.jsp
# The crash happened outside the Java Virtual Machine in native code.
# See problematic frame for where to report the bug.
#

---------------  T H R E A D  ---------------

Current thread (0x00007fc285873800):  JavaThread "QuantumRenderer-0" daemon [_thread_in_native, id=22019, stack(0x00007000014d6000,0x00007000015d6000)]

siginfo: si_signo: 11 (SIGSEGV), si_code: 1 (SEGV_MAPERR), si_addr: 0x000000060007002b

Registers:
RAX=0x0000000000001f02, RBX=0x000000010e02f490, RCX=0x00007fc284879e00, RDX=0x000000060007002b
RSP=0x00007000015d4ed8, RBP=0x00007000015d4f30, RSI=0x0000000000001f02, RDI=0x051504151d1c1b21
R8 =0x0000000000000003, R9 =0x0000000000000000, R10=0x00007fff9f4e8c01, R11=0x00007fff8b9ecc21
R12=0x00007fc2837060f0, R13=0x0000000000000000, R14=0x00007fc283626fb0, R15=0x00007fc286212360
RIP=0x000000060007002b, EFLAGS=0x0000000000010206, ERR=0x0000000000000014
  TRAPNO=0x000000000000000e

Top of Stack: (sp=0x00007000015d4ed8)
0x00007000015d4ed8:   000000012b2310c9 00007fc285873800
0x00007000015d4ee8:   00000001275bc058 00007fc285873800
0x00007000015d4ef8:   00000001275bc058 e1003870148a78a1
0x00007000015d4f08:   00000001275bc058 0000000000000000
0x00007000015d4f18:   00000001275bc058 00007000015d4fb0
0x00007000015d4f28:   00007fc285873800 00007000015d4f90
0x00007000015d4f38:   000000010e7b99f4 000000010e7c59a3
0x00007000015d4f48:   000000010e7b9742 00007000015d4f50
0x00007000015d4f58:   00000001275bc058 00007000015d4fb0
0x00007000015d4f68:   00000001275c6ea8 0000000000000000
0x00007000015d4f78:   00000001275bc058 0000000000000000
0x00007000015d4f88:   00007000015d4fb0 00007000015d5000
0x00007000015d4f98:   000000010e7a9dd0 000000076b192a08
0x00007000015d4fa8:   000000010e7b3537 000000076b1a6dd0
0x00007000015d4fb8:   000000076b1a5370 00007000015d4fc0
0x00007000015d4fc8:   00000001275bc761 00007000015d5028
0x00007000015d4fd8:   00000001275c6ea8 0000000000000000
0x00007000015d4fe8:   00000001275bc790 00007000015d4fb0
0x00007000015d4ff8:   00007000015d5018 00007000015d5070
0x00007000015d5008:   000000010e7a9a90 000000076b1a6dd0
0x00007000015d5018:   000000076b17a030 000000076b00ca98
0x00007000015d5028:   000000076b1a5370 00007000015d5030
0x00007000015d5038:   00000001275aeff1 00007000015d5078
0x00007000015d5048:   00000001275b0980 0000000000000000
0x00007000015d5058:   00000001275af058 00007000015d5018
0x00007000015d5068:   00007000015d5080 00007000015d50e0
0x00007000015d5078:   000000010e7a27a7 0000000100001fa0
0x00007000015d5088:   000000000000000a 00007fc285873800
0x00007000015d5098:   0000000000000000 000000010e7a271f
0x00007000015d50a8:   00000001275af058 00007000015d5178
0x00007000015d50b8:   00007000015d52b0 00007fc20000000a
0x00007000015d50c8:   00000001275af058 000000010e7b4c80 

Instructions: (pc=0x000000060007002b)
0x000000060007000b:   
[error occurred during error reporting (printing registers, top of stack, instructions near pc), id 0xb]

Register to memory mapping:

RAX=0x0000000000001f02 is an unknown value
RBX=0x000000010e02f490: jni_NativeInterface+0 in /Library/Java/JavaVirtualMachines/jdk1.8.0_121.jdk/Contents/Home/jre/lib/server/libjvm.dylib at 0x000000010d800000
RCX=0x00007fc284879e00 is an unknown value
RDX=0x000000060007002b is an unknown value
RSP=0x00007000015d4ed8 is pointing into the stack for thread: 0x00007fc285873800
RBP=0x00007000015d4f30 is pointing into the stack for thread: 0x00007fc285873800
RSI=0x0000000000001f02 is an unknown value
RDI=0x051504151d1c1b21 is an unknown value
R8 =0x0000000000000003 is an unknown value
R9 =0x0000000000000000 is an unknown value
R10=0x00007fff9f4e8c01: CocoaVersionNumber+0x132cec09 in /System/Library/Frameworks/Cocoa.framework/Versions/A/Cocoa at 0x00007fff8c219000
R11=0x00007fff8b9ecc21: glGetString+0 in /System/Library/Frameworks/OpenGL.framework/Versions/A/Libraries/libGL.dylib at 0x00007fff8b9eb000
R12=0x00007fc2837060f0 is an unknown value
R13=0x0000000000000000 is an unknown value
R14=0x00007fc283626fb0 is an unknown value
R15=0x00007fc286212360 is an unknown value


Stack: [0x00007000014d6000,0x00007000015d6000],  sp=0x00007000015d4ed8,  free space=1019k
Native frames: (J=compiled Java code, j=interpreted, Vv=VM code, C=native code)
C  0x000000060007002b
j  com.sun.prism.es2.MacGLFactory.nInitialize([I)J+0
j  com.sun.prism.es2.MacGLFactory.initialize(Ljava/lang/Class;Lcom/sun/prism/es2/GLPixelFormat$Attributes;)Z+73
j  com.sun.prism.es2.ES2Pipeline.<clinit>()V+49
v  ~StubRoutines::call_stub
V  [libjvm.dylib+0x2ed9d6]
V  [libjvm.dylib+0x2c05c9]
V  [libjvm.dylib+0x2c1c2d]
V  [libjvm.dylib+0x2c1ec3]
V  [libjvm.dylib+0x345ecf]
V  [libjvm.dylib+0x3503de]
C  [libjava.dylib+0x209d]  Java_java_lang_Class_forName0+0x13f
j  java.lang.Class.forName0(Ljava/lang/String;ZLjava/lang/ClassLoader;Ljava/lang/Class;)Ljava/lang/Class;+0
j  java.lang.Class.forName(Ljava/lang/String;)Ljava/lang/Class;+11
j  com.sun.prism.GraphicsPipeline.createPipeline()Lcom/sun/prism/GraphicsPipeline;+232
j  com.sun.javafx.tk.quantum.QuantumRenderer$PipelineRunnable.init()V+0
j  com.sun.javafx.tk.quantum.QuantumRenderer$PipelineRunnable.run()V+1
j  java.lang.Thread.run()V+11
v  ~StubRoutines::call_stub
V  [libjvm.dylib+0x2ed9d6]
V  [libjvm.dylib+0x2ee164]
V  [libjvm.dylib+0x2ee310]
V  [libjvm.dylib+0x348a5d]
V  [libjvm.dylib+0x56ab0f]
V  [libjvm.dylib+0x56c1fc]
V  [libjvm.dylib+0x48a5b2]
C  [libsystem_pthread.dylib+0x399d]  _pthread_body+0x83
C  [libsystem_pthread.dylib+0x391a]  _pthread_body+0x0
C  [libsystem_pthread.dylib+0x1351]  thread_start+0xd
C  0x0000000000000000

Java frames: (J=compiled Java code, j=interpreted, Vv=VM code)
j  com.sun.prism.es2.MacGLFactory.nInitialize([I)J+0
j  com.sun.prism.es2.MacGLFactory.initialize(Ljava/lang/Class;Lcom/sun/prism/es2/GLPixelFormat$Attributes;)Z+73
j  com.sun.prism.es2.ES2Pipeline.<clinit>()V+49
v  ~StubRoutines::call_stub
j  java.lang.Class.forName0(Ljava/lang/String;ZLjava/lang/ClassLoader;Ljava/lang/Class;)Ljava/lang/Class;+0
j  java.lang.Class.forName(Ljava/lang/String;)Ljava/lang/Class;+11
j  com.sun.prism.GraphicsPipeline.createPipeline()Lcom/sun/prism/GraphicsPipeline;+232
j  com.sun.javafx.tk.quantum.QuantumRenderer$PipelineRunnable.init()V+0
j  com.sun.javafx.tk.quantum.QuantumRenderer$PipelineRunnable.run()V+1
j  java.lang.Thread.run()V+11
v  ~StubRoutines::call_stub

---------------  P R O C E S S  ---------------

Java Threads: ( => current thread )
=>0x00007fc285873800 JavaThread "QuantumRenderer-0" daemon [_thread_in_native, id=22019, stack(0x00007000014d6000,0x00007000015d6000)]
  0x00007fc284822000 JavaThread "Service Thread" daemon [_thread_blocked, id=20995, stack(0x00007000012d0000,0x00007000013d0000)]
  0x00007fc283859800 JavaThread "C1 CompilerThread3" daemon [_thread_blocked, id=20483, stack(0x00007000011cd000,0x00007000012cd000)]
  0x00007fc286809000 JavaThread "C2 CompilerThread2" daemon [_thread_blocked, id=19971, stack(0x00007000010ca000,0x00007000011ca000)]
  0x00007fc283844800 JavaThread "C2 CompilerThread1" daemon [_thread_blocked, id=19459, stack(0x0000700000fc7000,0x00007000010c7000)]
  0x00007fc285801000 JavaThread "C2 CompilerThread0" daemon [_thread_blocked, id=18947, stack(0x0000700000ec4000,0x0000700000fc4000)]
  0x00007fc283804000 JavaThread "Signal Dispatcher" daemon [_thread_blocked, id=15887, stack(0x0000700000dc1000,0x0000700000ec1000)]
  0x00007fc28481d000 JavaThread "Finalizer" daemon [_thread_blocked, id=14339, stack(0x0000700000c3b000,0x0000700000d3b000)]
  0x00007fc28481a800 JavaThread "Reference Handler" daemon [_thread_blocked, id=13827, stack(0x0000700000b38000,0x0000700000c38000)]
  0x00007fc283805000 JavaThread "main" [_thread_blocked, id=5891, stack(0x000070000011a000,0x000070000021a000)]

Other Threads:
  0x00007fc284816000 VMThread [stack: 0x0000700000a35000,0x0000700000b35000] [id=13315]
  0x00007fc28385a000 WatcherThread [stack: 0x00007000013d3000,0x00007000014d3000] [id=21507]

VM state:not at safepoint (normal execution)

VM Mutex/Monitor currently owned by a thread: None

Heap:
 PSYoungGen      total 76288K, used 7879K [0x000000076ab00000, 0x0000000770000000, 0x00000007c0000000)
  eden space 65536K, 12% used [0x000000076ab00000,0x000000076b2b1d90,0x000000076eb00000)
  from space 10752K, 0% used [0x000000076f580000,0x000000076f580000,0x0000000770000000)
  to   space 10752K, 0% used [0x000000076eb00000,0x000000076eb00000,0x000000076f580000)
 ParOldGen       total 175104K, used 0K [0x00000006c0000000, 0x00000006cab00000, 0x000000076ab00000)
  object space 175104K, 0% used [0x00000006c0000000,0x00000006c0000000,0x00000006cab00000)
 Metaspace       used 4985K, capacity 5522K, committed 5632K, reserved 1056768K
  class space    used 568K, capacity 662K, committed 768K, reserved 1048576K

Card table byte_map: [0x000000011db62000,0x000000011e363000] byte_map_base: 0x000000011a562000

Marking Bits: (ParMarkBitMap*) 0x000000010e0f0d30
 Begin Bits: [0x000000011e8b9000, 0x00000001228b9000)
 End Bits:   [0x00000001228b9000, 0x00000001268b9000)

Polling page: 0x000000010c7b2000

CodeCache: size=245760Kb used=1684Kb max_used=1689Kb free=244075Kb
 bounds [0x000000010e7a2000, 0x000000010ea12000, 0x000000011d7a2000]
 total_blobs=614 nmethods=315 adapters=213
 compilation: enabled

Compilation events (10 events):
Event: 0.213 Thread 0x00007fc283844800 nmethod 298 0x000000010e948090 code [0x000000010e948200, 0x000000010e948778]
Event: 0.213 Thread 0x00007fc283859800 nmethod 311 0x000000010e946b90 code [0x000000010e946dc0, 0x000000010e947a48]
Event: 0.213 Thread 0x00007fc283859800  312       1       java.util.jar.Manifest::getMainAttributes (5 bytes)
Event: 0.213 Thread 0x00007fc283859800 nmethod 312 0x000000010e9468d0 code [0x000000010e946a20, 0x000000010e946b30]
Event: 0.213 Thread 0x00007fc283859800  313       1       sun.misc.URLClassPath$Loader::getBaseURL (5 bytes)
Event: 0.214 Thread 0x00007fc283859800 nmethod 313 0x000000010e946610 code [0x000000010e946760, 0x000000010e946870]
Event: 0.214 Thread 0x00007fc283859800  314       1       java.util.jar.Manifest::getEntries (5 bytes)
Event: 0.214 Thread 0x00007fc283859800 nmethod 314 0x000000010e946350 code [0x000000010e9464a0, 0x000000010e9465b0]
Event: 0.214 Thread 0x00007fc283859800  315       1       java.util.jar.JarFile::access$300 (5 bytes)
Event: 0.214 Thread 0x00007fc283859800 nmethod 315 0x000000010e946090 code [0x000000010e9461e0, 0x000000010e9462d0]

GC Heap History (0 events):
No events

Deoptimization events (0 events):
No events

Internal exceptions (10 events):
Event: 0.095 Thread 0x00007fc283805000 Exception <a 'java/util/zip/ZipException'> (0x000000076abbd590) thrown at [/Users/java_re/workspace/8-2-build-macosx-x86_64/jdk8u121/8372/hotspot/src/share/vm/prims/jni.cpp, line 709]
Event: 0.095 Thread 0x00007fc283805000 Exception <a 'java/security/PrivilegedActionException'> (0x000000076abbd798) thrown at [/Users/java_re/workspace/8-2-build-macosx-x86_64/jdk8u121/8372/hotspot/src/share/vm/prims/jvm.cpp, line 1390]
Event: 0.095 Thread 0x00007fc283805000 Exception <a 'java/security/PrivilegedActionException'> (0x000000076abbd9a8) thrown at [/Users/java_re/workspace/8-2-build-macosx-x86_64/jdk8u121/8372/hotspot/src/share/vm/prims/jvm.cpp, line 1390]
Event: 0.152 Thread 0x00007fc283805000 Exception <a 'java/lang/NoSuchFieldError': method resolution failed> (0x000000076ae29bb8) thrown at [/Users/java_re/workspace/8-2-build-macosx-x86_64/jdk8u121/8372/hotspot/src/share/vm/prims/methodHandles.cpp, line 1146]
Event: 0.153 Thread 0x00007fc283805000 Exception <a 'java/lang/NoSuchFieldError': method resolution failed> (0x000000076ae36f38) thrown at [/Users/java_re/workspace/8-2-build-macosx-x86_64/jdk8u121/8372/hotspot/src/share/vm/prims/methodHandles.cpp, line 1146]
Event: 0.167 Thread 0x00007fc283805000 Exception <a 'java/security/PrivilegedActionException'> (0x000000076aec4790) thrown at [/Users/java_re/workspace/8-2-build-macosx-x86_64/jdk8u121/8372/hotspot/src/share/vm/prims/jvm.cpp, line 1390]
Event: 0.167 Thread 0x00007fc283805000 Exception <a 'java/security/PrivilegedActionException'> (0x000000076aec49a0) thrown at [/Users/java_re/workspace/8-2-build-macosx-x86_64/jdk8u121/8372/hotspot/src/share/vm/prims/jvm.cpp, line 1390]
Event: 0.167 Thread 0x00007fc283805000 Exception <a 'java/security/PrivilegedActionException'> (0x000000076aec7cd0) thrown at [/Users/java_re/workspace/8-2-build-macosx-x86_64/jdk8u121/8372/hotspot/src/share/vm/prims/jvm.cpp, line 1390]
Event: 0.167 Thread 0x00007fc283805000 Exception <a 'java/security/PrivilegedActionException'> (0x000000076aec7ee0) thrown at [/Users/java_re/workspace/8-2-build-macosx-x86_64/jdk8u121/8372/hotspot/src/share/vm/prims/jvm.cpp, line 1390]
Event: 0.167 Thread 0x00007fc283805000 Exception <a 'java/lang/NullPointerException'> (0x000000076aec9858) thrown at [/Users/java_re/workspace/8-2-build-macosx-x86_64/jdk8u121/8372/hotspot/src/share/vm/interpreter/linkResolver.cpp, line 1178]

Events (10 events):
Event: 0.213 loading class com/sun/prism/es2/MacGLContext
Event: 0.213 loading class com/sun/prism/es2/MacGLContext done
Event: 0.213 loading class com/sun/prism/es2/GLDrawable
Event: 0.213 loading class com/sun/prism/es2/GLDrawable done
Event: 0.213 loading class com/sun/prism/es2/MacGLDrawable
Event: 0.213 loading class com/sun/prism/es2/MacGLDrawable done
Event: 0.213 loading class com/sun/prism/es2/MacGLPixelFormat
Event: 0.213 loading class com/sun/prism/es2/MacGLPixelFormat done
Event: 0.214 loading class com/sun/prism/es2/GLGPUInfo
Event: 0.214 loading class com/sun/prism/es2/GLGPUInfo done


Dynamic libraries:
0x0000000008802000 	/System/Library/Frameworks/Cocoa.framework/Versions/A/Cocoa
0x0000000008802000 	/System/Library/Frameworks/Security.framework/Versions/A/Security
0x0000000008802000 	/System/Library/Frameworks/ApplicationServices.framework/Versions/A/ApplicationServices
0x0000000008802000 	/usr/lib/libz.1.dylib
0x0000000008802000 	/usr/lib/libSystem.B.dylib
0x0000000008802000 	/usr/lib/libobjc.A.dylib
0x0000000008802000 	/System/Library/Frameworks/CoreFoundation.framework/Versions/A/CoreFoundation
0x0000000008802000 	/System/Library/Frameworks/Foundation.framework/Versions/C/Foundation
0x0000000008802000 	/System/Library/Frameworks/AppKit.framework/Versions/C/AppKit
0x0000000008802000 	/System/Library/Frameworks/CoreData.framework/Versions/A/CoreData
0x0000000008802000 	/System/Library/PrivateFrameworks/RemoteViewServices.framework/Versions/A/RemoteViewServices
0x0000000008802000 	/System/Library/PrivateFrameworks/UIFoundation.framework/Versions/A/UIFoundation
0x0000000008802000 	/usr/lib/libScreenReader.dylib
0x0000000008802000 	/System/Library/Frameworks/Accelerate.framework/Versions/A/Accelerate
0x0000000008802000 	/System/Library/Frameworks/IOSurface.framework/Versions/A/IOSurface
0x0000000008802000 	/System/Library/Frameworks/AudioToolbox.framework/Versions/A/AudioToolbox
0x0000000008802000 	/System/Library/Frameworks/AudioUnit.framework/Versions/A/AudioUnit
0x0000000008802000 	/System/Library/PrivateFrameworks/DataDetectorsCore.framework/Versions/A/DataDetectorsCore
0x0000000008802000 	/System/Library/PrivateFrameworks/DesktopServicesPriv.framework/Versions/A/DesktopServicesPriv
0x0000000008802000 	/System/Library/Frameworks/Carbon.framework/Versions/A/Frameworks/HIToolbox.framework/Versions/A/HIToolbox
0x0000000008802000 	/System/Library/Frameworks/QuartzCore.framework/Versions/A/QuartzCore
0x0000000008802000 	/System/Library/Frameworks/Carbon.framework/Versions/A/Frameworks/SpeechRecognition.framework/Versions/A/SpeechRecognition
0x0000000008802000 	/usr/lib/libauto.dylib
0x0000000008802000 	/usr/lib/libicucore.A.dylib
0x0000000008802000 	/usr/lib/libxml2.2.dylib
0x0000000008802000 	/System/Library/PrivateFrameworks/CoreUI.framework/Versions/A/CoreUI
0x0000000008802000 	/System/Library/Frameworks/CoreAudio.framework/Versions/A/CoreAudio
0x0000000008802000 	/System/Library/Frameworks/DiskArbitration.framework/Versions/A/DiskArbitration
0x0000000008802000 	/usr/lib/liblangid.dylib
0x0000000008802000 	/System/Library/PrivateFrameworks/MultitouchSupport.framework/Versions/A/MultitouchSupport
0x0000000008802000 	/System/Library/Frameworks/IOKit.framework/Versions/A/IOKit
0x0000000008802000 	/usr/lib/libDiagnosticMessagesClient.dylib
0x0000000008802000 	/System/Library/Frameworks/CoreServices.framework/Versions/A/CoreServices
0x0000000008802000 	/System/Library/PrivateFrameworks/PerformanceAnalysis.framework/Versions/A/PerformanceAnalysis
0x0000000008802000 	/System/Library/PrivateFrameworks/GenerationalStorage.framework/Versions/A/GenerationalStorage
0x0000000008802000 	/System/Library/Frameworks/OpenGL.framework/Versions/A/OpenGL
0x0000000008802000 	/System/Library/PrivateFrameworks/Sharing.framework/Versions/A/Sharing
0x0000000008802000 	/System/Library/Frameworks/CoreGraphics.framework/Versions/A/CoreGraphics
0x0000000008802000 	/System/Library/Frameworks/CoreImage.framework/Versions/A/CoreImage
0x0000000008802000 	/System/Library/Frameworks/CoreText.framework/Versions/A/CoreText
0x0000000008802000 	/System/Library/Frameworks/ImageIO.framework/Versions/A/ImageIO
0x0000000008802000 	/System/Library/PrivateFrameworks/Backup.framework/Versions/A/Backup
0x0000000008802000 	/usr/lib/libextension.dylib
0x0000000008802000 	/usr/lib/libarchive.2.dylib
0x0000000008802000 	/System/Library/Frameworks/CFNetwork.framework/Versions/A/CFNetwork
0x0000000008802000 	/System/Library/Frameworks/SystemConfiguration.framework/Versions/A/SystemConfiguration
0x0000000008802000 	/usr/lib/libCRFSuite.dylib
0x0000000008802000 	/usr/lib/libc++.1.dylib
0x0000000008802000 	/usr/lib/libc++abi.dylib
0x0000000008802000 	/usr/lib/system/libcache.dylib
0x0000000008802000 	/usr/lib/system/libcommonCrypto.dylib
0x0000000008802000 	/usr/lib/system/libcompiler_rt.dylib
0x0000000008802000 	/usr/lib/system/libcopyfile.dylib
0x0000000008802000 	/usr/lib/system/libcorecrypto.dylib
0x0000000008802000 	/usr/lib/system/libdispatch.dylib
0x0000000008802000 	/usr/lib/system/libdyld.dylib
0x0000000008802000 	/usr/lib/system/libkeymgr.dylib
0x0000000008802000 	/usr/lib/system/liblaunch.dylib
0x0000000008802000 	/usr/lib/system/libmacho.dylib
0x0000000008802000 	/usr/lib/system/libquarantine.dylib
0x0000000008802000 	/usr/lib/system/libremovefile.dylib
0x0000000008802000 	/usr/lib/system/libsystem_asl.dylib
0x0000000008802000 	/usr/lib/system/libsystem_blocks.dylib
0x0000000008802000 	/usr/lib/system/libsystem_c.dylib
0x0000000008802000 	/usr/lib/system/libsystem_configuration.dylib
0x0000000008802000 	/usr/lib/system/libsystem_coreservices.dylib
0x0000000008802000 	/usr/lib/system/libsystem_coretls.dylib
0x0000000008802000 	/usr/lib/system/libsystem_dnssd.dylib
0x0000000008802000 	/usr/lib/system/libsystem_info.dylib
0x0000000008802000 	/usr/lib/system/libsystem_kernel.dylib
0x0000000008802000 	/usr/lib/system/libsystem_m.dylib
0x0000000008802000 	/usr/lib/system/libsystem_malloc.dylib
0x0000000008802000 	/usr/lib/system/libsystem_network.dylib
0x0000000008802000 	/usr/lib/system/libsystem_networkextension.dylib
0x0000000008802000 	/usr/lib/system/libsystem_notify.dylib
0x0000000008802000 	/usr/lib/system/libsystem_platform.dylib
0x0000000008802000 	/usr/lib/system/libsystem_pthread.dylib
0x0000000008802000 	/usr/lib/system/libsystem_sandbox.dylib
0x0000000008802000 	/usr/lib/system/libsystem_secinit.dylib
0x0000000008802000 	/usr/lib/system/libsystem_trace.dylib
0x0000000008802000 	/usr/lib/system/libunc.dylib
0x0000000008802000 	/usr/lib/system/libunwind.dylib
0x0000000008802000 	/usr/lib/system/libxpc.dylib
0x0000000008802000 	/usr/lib/libenergytrace.dylib
0x0000000008802000 	/usr/lib/libbsm.0.dylib
0x0000000008802000 	/usr/lib/system/libkxld.dylib
0x0000000008802000 	/usr/lib/libxar.1.dylib
0x0000000008802000 	/usr/lib/libsqlite3.dylib
0x0000000008802000 	/usr/lib/libpam.2.dylib
0x0000000008802000 	/usr/lib/libOpenScriptingUtil.dylib
0x0000000008802000 	/usr/lib/libbz2.1.0.dylib
0x0000000008802000 	/usr/lib/liblzma.5.dylib
0x0000000008802000 	/System/Library/Frameworks/CoreServices.framework/Versions/A/Frameworks/FSEvents.framework/Versions/A/FSEvents
0x0000000008802000 	/System/Library/Frameworks/CoreServices.framework/Versions/A/Frameworks/CarbonCore.framework/Versions/A/CarbonCore
0x0000000008802000 	/System/Library/Frameworks/CoreServices.framework/Versions/A/Frameworks/Metadata.framework/Versions/A/Metadata
0x0000000008802000 	/System/Library/Frameworks/CoreServices.framework/Versions/A/Frameworks/OSServices.framework/Versions/A/OSServices
0x0000000008802000 	/System/Library/Frameworks/CoreServices.framework/Versions/A/Frameworks/SearchKit.framework/Versions/A/SearchKit
0x0000000008802000 	/System/Library/Frameworks/CoreServices.framework/Versions/A/Frameworks/AE.framework/Versions/A/AE
0x0000000008802000 	/System/Library/Frameworks/CoreServices.framework/Versions/A/Frameworks/LaunchServices.framework/Versions/A/LaunchServices
0x0000000008802000 	/System/Library/Frameworks/CoreServices.framework/Versions/A/Frameworks/DictionaryServices.framework/Versions/A/DictionaryServices
0x0000000008802000 	/System/Library/Frameworks/CoreServices.framework/Versions/A/Frameworks/SharedFileList.framework/Versions/A/SharedFileList
0x0000000008802000 	/System/Library/Frameworks/NetFS.framework/Versions/A/NetFS
0x0000000008802000 	/System/Library/PrivateFrameworks/NetAuth.framework/Versions/A/NetAuth
0x0000000008802000 	/System/Library/PrivateFrameworks/login.framework/Versions/A/Frameworks/loginsupport.framework/Versions/A/loginsupport
0x0000000008802000 	/System/Library/PrivateFrameworks/TCC.framework/Versions/A/TCC
0x0000000008802000 	/usr/lib/libmecabra.dylib
0x0000000008802000 	/System/Library/Frameworks/ApplicationServices.framework/Versions/A/Frameworks/ATS.framework/Versions/A/ATS
0x0000000008802000 	/System/Library/Frameworks/ApplicationServices.framework/Versions/A/Frameworks/ColorSync.framework/Versions/A/ColorSync
0x0000000008802000 	/System/Library/Frameworks/ApplicationServices.framework/Versions/A/Frameworks/HIServices.framework/Versions/A/HIServices
0x0000000008802000 	/System/Library/Frameworks/ApplicationServices.framework/Versions/A/Frameworks/LangAnalysis.framework/Versions/A/LangAnalysis
0x0000000008802000 	/System/Library/Frameworks/ApplicationServices.framework/Versions/A/Frameworks/PrintCore.framework/Versions/A/PrintCore
0x0000000008802000 	/System/Library/Frameworks/ApplicationServices.framework/Versions/A/Frameworks/QD.framework/Versions/A/QD
0x0000000008802000 	/System/Library/Frameworks/ApplicationServices.framework/Versions/A/Frameworks/SpeechSynthesis.framework/Versions/A/SpeechSynthesis
0x0000000008802000 	/System/Library/Frameworks/Metal.framework/Versions/A/Metal
0x0000000008802000 	/System/Library/Frameworks/Accelerate.framework/Versions/A/Frameworks/vImage.framework/Versions/A/vImage
0x0000000008802000 	/System/Library/Frameworks/Accelerate.framework/Versions/A/Frameworks/vecLib.framework/Versions/A/vecLib
0x0000000008802000 	/System/Library/Frameworks/Accelerate.framework/Versions/A/Frameworks/vecLib.framework/Versions/A/libvDSP.dylib
0x0000000008802000 	/System/Library/Frameworks/Accelerate.framework/Versions/A/Frameworks/vecLib.framework/Versions/A/libvMisc.dylib
0x0000000008802000 	/System/Library/Frameworks/Accelerate.framework/Versions/A/Frameworks/vecLib.framework/Versions/A/libLAPACK.dylib
0x0000000008802000 	/System/Library/Frameworks/Accelerate.framework/Versions/A/Frameworks/vecLib.framework/Versions/A/libBLAS.dylib
0x0000000008802000 	/System/Library/Frameworks/Accelerate.framework/Versions/A/Frameworks/vecLib.framework/Versions/A/libLinearAlgebra.dylib
0x0000000008802000 	/System/Library/Frameworks/Accelerate.framework/Versions/A/Frameworks/vecLib.framework/Versions/A/libSparseBLAS.dylib
0x0000000008802000 	/System/Library/PrivateFrameworks/GPUCompiler.framework/libmetal_timestamp.dylib
0x0000000008802000 	/System/Library/Frameworks/OpenGL.framework/Versions/A/Libraries/libCoreFSCache.dylib
0x0000000008802000 	/System/Library/PrivateFrameworks/IOAccelerator.framework/Versions/A/IOAccelerator
0x0000000008802000 	/System/Library/Frameworks/ApplicationServices.framework/Versions/A/Frameworks/ATS.framework/Versions/A/Resources/libFontParser.dylib
0x0000000008802000 	/System/Library/Frameworks/ApplicationServices.framework/Versions/A/Frameworks/ATS.framework/Versions/A/Resources/libFontRegistry.dylib
0x0000000008802000 	/System/Library/PrivateFrameworks/AppleVPA.framework/Versions/A/AppleVPA
0x0000000008802000 	/System/Library/PrivateFrameworks/AppleJPEG.framework/Versions/A/AppleJPEG
0x0000000008802000 	/System/Library/Frameworks/ImageIO.framework/Versions/A/Resources/libJPEG.dylib
0x0000000008802000 	/System/Library/Frameworks/ImageIO.framework/Versions/A/Resources/libTIFF.dylib
0x0000000008802000 	/System/Library/Frameworks/ImageIO.framework/Versions/A/Resources/libPng.dylib
0x0000000008802000 	/System/Library/Frameworks/ImageIO.framework/Versions/A/Resources/libGIF.dylib
0x0000000008802000 	/System/Library/Frameworks/ImageIO.framework/Versions/A/Resources/libJP2.dylib
0x0000000008802000 	/System/Library/Frameworks/ImageIO.framework/Versions/A/Resources/libRadiance.dylib
0x0000000008802000 	/System/Library/Frameworks/CoreVideo.framework/Versions/A/CoreVideo
0x0000000008802000 	/System/Library/Frameworks/OpenGL.framework/Versions/A/Libraries/libGLU.dylib
0x0000000008802000 	/System/Library/Frameworks/OpenGL.framework/Versions/A/Libraries/libGFXShared.dylib
0x0000000008802000 	/System/Library/Frameworks/OpenGL.framework/Versions/A/Libraries/libGL.dylib
0x0000000008802000 	/System/Library/Frameworks/OpenGL.framework/Versions/A/Libraries/libGLImage.dylib
0x0000000008802000 	/System/Library/Frameworks/OpenGL.framework/Versions/A/Libraries/libCVMSPluginSupport.dylib
0x0000000008802000 	/System/Library/Frameworks/OpenGL.framework/Versions/A/Libraries/libCoreVMClient.dylib
0x0000000008802000 	/usr/lib/libcompression.dylib
0x0000000008802000 	/usr/lib/libcups.2.dylib
0x0000000008802000 	/System/Library/Frameworks/Kerberos.framework/Versions/A/Kerberos
0x0000000008802000 	/System/Library/Frameworks/GSS.framework/Versions/A/GSS
0x0000000008802000 	/usr/lib/libresolv.9.dylib
0x0000000008802000 	/usr/lib/libiconv.2.dylib
0x0000000008802000 	/System/Library/PrivateFrameworks/Heimdal.framework/Versions/A/Heimdal
0x0000000008802000 	/usr/lib/libheimdal-asn1.dylib
0x0000000008802000 	/System/Library/Frameworks/OpenDirectory.framework/Versions/A/OpenDirectory
0x0000000008802000 	/System/Library/PrivateFrameworks/CommonAuth.framework/Versions/A/CommonAuth
0x0000000008802000 	/System/Library/Frameworks/OpenDirectory.framework/Versions/A/Frameworks/CFOpenDirectory.framework/Versions/A/CFOpenDirectory
0x0000000008802000 	/System/Library/Frameworks/SecurityFoundation.framework/Versions/A/SecurityFoundation
0x0000000008802000 	/System/Library/PrivateFrameworks/LanguageModeling.framework/Versions/A/LanguageModeling
0x0000000008802000 	/usr/lib/libmarisa.dylib
0x0000000008802000 	/usr/lib/libChineseTokenizer.dylib
0x0000000008802000 	/usr/lib/libcmph.dylib
0x0000000008802000 	/System/Library/Frameworks/ServiceManagement.framework/Versions/A/ServiceManagement
0x0000000008802000 	/usr/lib/libxslt.1.dylib
0x0000000008802000 	/System/Library/Frameworks/Carbon.framework/Versions/A/Frameworks/Ink.framework/Versions/A/Ink
0x0000000008802000 	/usr/lib/libFosl_dynamic.dylib
0x0000000008802000 	/System/Library/PrivateFrameworks/FaceCore.framework/Versions/A/FaceCore
0x0000000008802000 	/System/Library/Frameworks/OpenCL.framework/Versions/A/OpenCL
0x0000000008802000 	/System/Library/PrivateFrameworks/CrashReporterSupport.framework/Versions/A/CrashReporterSupport
0x0000000008802000 	/System/Library/PrivateFrameworks/IconServices.framework/Versions/A/IconServices
0x0000000008802000 	/System/Library/PrivateFrameworks/Apple80211.framework/Versions/A/Apple80211
0x0000000008802000 	/System/Library/Frameworks/CoreWLAN.framework/Versions/A/CoreWLAN
0x0000000008802000 	/System/Library/Frameworks/IOBluetooth.framework/Versions/A/IOBluetooth
0x0000000008802000 	/System/Library/PrivateFrameworks/CoreWiFi.framework/Versions/A/CoreWiFi
0x0000000008802000 	/System/Library/Frameworks/CoreBluetooth.framework/Versions/A/CoreBluetooth
0x0000000008802000 	/System/Library/PrivateFrameworks/ChunkingLibrary.framework/Versions/A/ChunkingLibrary
0x0000000008802000 	/System/Library/PrivateFrameworks/DebugSymbols.framework/Versions/A/DebugSymbols
0x0000000008802000 	/System/Library/PrivateFrameworks/CoreSymbolication.framework/Versions/A/CoreSymbolication
0x0000000008802000 	/System/Library/PrivateFrameworks/Symbolication.framework/Versions/A/Symbolication
0x0000000008802000 	/System/Library/PrivateFrameworks/SpeechRecognitionCore.framework/Versions/A/SpeechRecognitionCore
0x000000010d800000 	/Library/Java/JavaVirtualMachines/jdk1.8.0_121.jdk/Contents/Home/jre/lib/server/libjvm.dylib
0x0000000008802000 	/usr/lib/libstdc++.6.dylib
0x000000010c76f000 	/Library/Java/JavaVirtualMachines/jdk1.8.0_121.jdk/Contents/Home/jre/lib/libverify.dylib
0x000000010c77d000 	/Library/Java/JavaVirtualMachines/jdk1.8.0_121.jdk/Contents/Home/jre/lib/libjava.dylib
0x000000010c7bc000 	/Library/Java/JavaVirtualMachines/jdk1.8.0_121.jdk/Contents/Home/jre/lib/libzip.dylib
0x000000010c7e5000 	/System/Library/Frameworks/JavaVM.framework/Frameworks/JavaRuntimeSupport.framework/JavaRuntimeSupport
0x0000000129810000 	/System/Library/Frameworks/JavaVM.framework/Versions/A/Frameworks/JavaNativeFoundation.framework/Versions/A/JavaNativeFoundation
0x0000000129825000 	/System/Library/Frameworks/JavaVM.framework/Versions/A/JavaVM
0x0000000008802000 	/System/Library/Frameworks/Carbon.framework/Versions/A/Carbon
0x0000000129832000 	/System/Library/PrivateFrameworks/JavaLaunching.framework/Versions/A/JavaLaunching
0x0000000008802000 	/System/Library/Frameworks/Carbon.framework/Versions/A/Frameworks/CommonPanels.framework/Versions/A/CommonPanels
0x0000000008802000 	/System/Library/Frameworks/Carbon.framework/Versions/A/Frameworks/Help.framework/Versions/A/Help
0x0000000008802000 	/System/Library/Frameworks/Carbon.framework/Versions/A/Frameworks/ImageCapture.framework/Versions/A/ImageCapture
0x0000000008802000 	/System/Library/Frameworks/Carbon.framework/Versions/A/Frameworks/OpenScripting.framework/Versions/A/OpenScripting
0x0000000008802000 	/System/Library/Frameworks/Carbon.framework/Versions/A/Frameworks/Print.framework/Versions/A/Print
0x0000000008802000 	/System/Library/Frameworks/Carbon.framework/Versions/A/Frameworks/SecurityHI.framework/Versions/A/SecurityHI
0x000000012b229000 	/Library/Java/JavaVirtualMachines/jdk1.8.0_121.jdk/Contents/Home/jre/lib/libprism_es2.dylib
0x0000000008802000 	/System/Library/Frameworks/OpenGL.framework/Versions/A/Resources/GLEngine.bundle/GLEngine
0x0000000008802000 	/System/Library/Frameworks/OpenGL.framework/Versions/A/Libraries/libGLProgrammability.dylib
0x0000000008802000 	/System/Library/Frameworks/OpenGL.framework/Versions/A/Resources/GLRendererFloat.bundle/GLRendererFloat
0x0000000008802000 	/System/Library/Frameworks/OpenCL.framework/Versions/A/Libraries/libcldcpuengine.dylib
0x0000000008802000 	/System/Library/PrivateFrameworks/DiskImages.framework/Versions/A/DiskImages
0x0000000008802000 	/System/Library/Frameworks/DiscRecording.framework/Versions/A/DiscRecording
0x0000000008802000 	/usr/lib/libcsfde.dylib
0x0000000008802000 	/usr/lib/libcurl.4.dylib
0x0000000008802000 	/System/Library/PrivateFrameworks/MediaKit.framework/Versions/A/MediaKit
0x0000000008802000 	/System/Library/PrivateFrameworks/ProtectedCloudStorage.framework/Versions/A/ProtectedCloudStorage
0x0000000008802000 	/usr/lib/libCoreStorage.dylib
0x0000000008802000 	/System/Library/PrivateFrameworks/EFILogin.framework/Versions/A/EFILogin
0x0000000008802000 	/usr/lib/libutil.dylib
0x0000000008802000 	/System/Library/PrivateFrameworks/FindMyDevice.framework/Versions/A/FindMyDevice
0x0000000008802000 	/System/Library/Frameworks/LDAP.framework/Versions/A/LDAP
0x0000000008802000 	/usr/lib/libsasl2.2.dylib
0x0000000008802000 	/System/Library/PrivateFrameworks/CoreDaemon.framework/Versions/B/CoreDaemon
0x0000000008802000 	/usr/lib/libcrypto.0.9.8.dylib
0x0000000008802000 	/System/Library/PrivateFrameworks/AppleSRP.framework/Versions/A/AppleSRP
0x0000000008802000 	/System/Library/PrivateFrameworks/TrustEvaluationAgent.framework/Versions/A/TrustEvaluationAgent

VM Arguments:
jvm_args: -Dfile.encoding=UTF-8 
java_command: /Users/joshua/Documents/MC/CSC416/PIP/dist/run2115871917/PIP.jar
java_class_path (initial): /Users/joshua/Documents/MC/CSC416/PIP/dist/run2115871917/PIP.jar
Launcher Type: SUN_STANDARD

Environment Variables:
PATH=/usr/bin:/bin:/usr/sbin:/sbin
LD_LIBRARY_PATH=/Library/Java/JavaVirtualMachines/jdk1.8.0_121.jdk/Contents/Home/jre/lib/amd64:/Library/Java/JavaVirtualMachines/jdk1.8.0_121.jdk/Contents/Home/jre/lib/i386:
SHELL=/bin/zsh

Signal Handlers:
SIGSEGV: [libjvm.dylib+0x5b1141], sa_mask[0]=11111111011111110111111111111111, sa_flags=SA_ONSTACK|SA_RESTART|SA_SIGINFO
SIGBUS: [libjvm.dylib+0x5b1141], sa_mask[0]=11111111011111110111111111111111, sa_flags=SA_RESTART|SA_SIGINFO
SIGFPE: [libjvm.dylib+0x487bc4], sa_mask[0]=11111111011111110111111111111111, sa_flags=SA_RESTART|SA_SIGINFO
SIGPIPE: [libjvm.dylib+0x487bc4], sa_mask[0]=11111111011111110111111111111111, sa_flags=SA_RESTART|SA_SIGINFO
SIGXFSZ: [libjvm.dylib+0x487bc4], sa_mask[0]=11111111011111110111111111111111, sa_flags=SA_RESTART|SA_SIGINFO
SIGILL: [libjvm.dylib+0x487bc4], sa_mask[0]=11111111011111110111111111111111, sa_flags=SA_RESTART|SA_SIGINFO
SIGUSR1: SIG_DFL, sa_mask[0]=00000000000000000000000000000000, sa_flags=none
SIGUSR2: [libjvm.dylib+0x4876e2], sa_mask[0]=00100000000000000000000000000000, sa_flags=SA_RESTART|SA_SIGINFO
SIGHUP: [libjvm.dylib+0x485cb9], sa_mask[0]=11111111011111110111111111111111, sa_flags=SA_RESTART|SA_SIGINFO
SIGINT: SIG_IGN, sa_mask[0]=00000000000000000000000000000000, sa_flags=none
SIGTERM: [libjvm.dylib+0x485cb9], sa_mask[0]=11111111011111110111111111111111, sa_flags=SA_RESTART|SA_SIGINFO
SIGQUIT: [libjvm.dylib+0x485cb9], sa_mask[0]=11111111011111110111111111111111, sa_flags=SA_RESTART|SA_SIGINFO


---------------  S Y S T E M  ---------------

OS:Bsduname:Darwin 15.6.0 Darwin Kernel Version 15.6.0: Thu Jun 23 18:25:34 PDT 2016; root:xnu-3248.60.10~1/RELEASE_X86_64 x86_64
rlimit: STACK 8192k, CORE 0k, NPROC 709, NOFILE 10240, AS infinity
load average:3.17 1.36 0.55

CPU:total 8 (4 cores per cpu, 2 threads per core) family 6 model 70 stepping 1, cmov, cx8, fxsr, mmx, sse, sse2, sse3, ssse3, sse4.1, sse4.2, popcnt, avx, avx2, aes, clmul, erms, rtm, lzcnt, ht, tsc, tscinvbit, bmi1, bmi2

Memory: 4k page, physical 16777216k(159292k free)

/proc/meminfo:


vm_info: Java HotSpot(TM) 64-Bit Server VM (25.121-b13) for bsd-amd64 JRE (1.8.0_121-b13), built on Dec 12 2016 20:39:32 by "java_re" with gcc 4.2.1 (Based on Apple Inc. build 5658) (LLVM build 2336.11.00)

time: Thu Apr 20 12:19:08 2017
elapsed time: 0 seconds (0d 0h 0m 0s)

