#
# A fatal error has been detected by the Java Runtime Environment:
#
#  SIGSEGV (0xb) at pc=0x00007fff924ef4dd, pid=644, tid=0x0000000000005703
#
# JRE version: Java(TM) SE Runtime Environment (8.0_121-b13) (build 1.8.0_121-b13)
# Java VM: Java HotSpot(TM) 64-Bit Server VM (25.121-b13 mixed mode bsd-amd64 compressed oops)
# Problematic frame:
# C  [libobjc.A.dylib+0x14dd]  objc_msgSend+0x1d
#
# Failed to write core dump. Core dumps have been disabled. To enable core dumping, try "ulimit -c unlimited" before starting Java again
#
# If you would like to submit a bug report, please visit:
#   http://bugreport.java.com/bugreport/crash.jsp
# The crash happened outside the Java Virtual Machine in native code.
# See problematic frame for where to report the bug.
#

---------------  T H R E A D  ---------------

Current thread (0x00007f93018bc800):  JavaThread "QuantumRenderer-0" daemon [_thread_in_native, id=22275, stack(0x0000700001559000,0x0000700001659000)]

siginfo: si_signo: 11 (SIGSEGV), si_code: 1 (SEGV_MAPERR), si_addr: 0x0000000000000018

Registers:
RAX=0x00007f9302924ac0, RBX=0x0000000000000000, RCX=0x0000000000000000, RDX=0x00007f9300454fb0
RSP=0x0000700001657e18, RBP=0x0000700001657e60, RSI=0x00007fff979df6e5, RDI=0x00007f9300454fb0
R8 =0x0000000000000001, R9 =0x00000000ffffc000, R10=0x00007fff979df6e5, R11=0x0000000000000000
R12=0x00007fff924ef4c0, R13=0x0000000000000000, R14=0x00007f9302924ac0, R15=0x0000000000000000
RIP=0x00007fff924ef4dd, EFLAGS=0x0000000000010246, ERR=0x0000000000000004
  TRAPNO=0x000000000000000e

Top of Stack: (sp=0x0000700001657e18)
0x0000700001657e18:   00007fff97296824 003f003d003f003c
0x0000700001657e28:   003f003f003f003e bff0000000000000
0x0000700001657e38:   0000000000000000 0000000000000000
0x0000700001657e48:   0000000000000000 00007fff924ef4c0
0x0000700001657e58:   0000000000000000 0000700001657ed0
0x0000700001657e68:   000000012763370b 0000700001657efc
0x0000700001657e78:   00007f9300454fb0 00007f930290ba10
0x0000700001657e88:   00007f930044cf20 0000700001657ed0
0x0000700001657e98:   0000000108e8da3b 4700ed424220c851
0x0000700001657ea8:   000000010939c490 00007f930044cf20
0x0000700001657eb8:   0000000000000000 0000700001657fb0
0x0000700001657ec8:   00007f9300454fb0 0000700001657f30
0x0000700001657ed8:   00000001276330a7 00007f93018bc800
0x0000700001657ee8:   00000001239ca058 00007f93018bc800
0x0000700001657ef8:   00000001239ca058 4700ed424220c851
0x0000700001657f08:   00000001239ca058 0000000000000000
0x0000700001657f18:   00000001239ca058 0000700001657fb0
0x0000700001657f28:   00007f93018bc800 0000700001657f90
0x0000700001657f38:   000000010ac179f4 000000010ac239a3
0x0000700001657f48:   000000010ac17742 0000700001657f50
0x0000700001657f58:   00000001239ca058 0000700001657fb0
0x0000700001657f68:   00000001239d4ea8 0000000000000000
0x0000700001657f78:   00000001239ca058 0000000000000000
0x0000700001657f88:   0000700001657fb0 0000700001658000
0x0000700001657f98:   000000010ac07dd0 000000076b18edf8
0x0000700001657fa8:   000000010ac11537 000000076b1a31c0
0x0000700001657fb8:   000000076b1a1760 0000700001657fc0
0x0000700001657fc8:   00000001239ca761 0000700001658028
0x0000700001657fd8:   00000001239d4ea8 0000000000000000
0x0000700001657fe8:   00000001239ca790 0000700001657fb0
0x0000700001657ff8:   0000700001658018 0000700001658070
0x0000700001658008:   000000010ac07a90 000000076b1a31c0 

Instructions: (pc=0x00007fff924ef4dd)
0x00007fff924ef4bd:   44 00 00 48 85 ff 2e 74 62 40 f6 c7 01 2e 75 66
0x00007fff924ef4cd:   49 bb f8 ff ff ff ff 7f 00 00 4c 23 1f 49 89 f2
0x00007fff924ef4dd:   45 23 53 18 49 c1 e2 04 4d 03 53 10 49 3b 32 75
0x00007fff924ef4ed:   04 41 ff 62 08 49 83 3a 01 76 0d 49 83 c2 10 49 

Register to memory mapping:

RAX=0x00007f9302924ac0 is an unknown value
RBX=0x0000000000000000 is an unknown value
RCX=0x0000000000000000 is an unknown value
RDX=0x00007f9300454fb0 is an unknown value
RSP=0x0000700001657e18 is pointing into the stack for thread: 0x00007f93018bc800
RBP=0x0000700001657e60 is pointing into the stack for thread: 0x00007f93018bc800
RSI=0x00007fff979df6e5: -[NSTitlebarContainerView transparent]+0x62f23 in /System/Library/Frameworks/AppKit.framework/Versions/C/AppKit at 0x00007fff96f52000
RDI=0x00007f9300454fb0 is an unknown value
R8 =0x0000000000000001 is an unknown value
R9 =0x00000000ffffc000 is an unknown value
R10=0x00007fff979df6e5: -[NSTitlebarContainerView transparent]+0x62f23 in /System/Library/Frameworks/AppKit.framework/Versions/C/AppKit at 0x00007fff96f52000
R11=0x0000000000000000 is an unknown value
R12=0x00007fff924ef4c0: objc_msgSend+0 in /usr/lib/libobjc.A.dylib at 0x00007fff924ee000
R13=0x0000000000000000 is an unknown value
R14=0x00007f9302924ac0 is an unknown value
R15=0x0000000000000000 is an unknown value


Stack: [0x0000700001559000,0x0000700001659000],  sp=0x0000700001657e18,  free space=1019k
Native frames: (J=compiled Java code, j=interpreted, Vv=VM code, C=native code)
C  [libobjc.A.dylib+0x14dd]  objc_msgSend+0x1d
C  [libprism_es2.dylib+0x870b]  createContext+0x12b
C  [libprism_es2.dylib+0x80a7]  Java_com_sun_prism_es2_MacGLFactory_nInitialize+0x77
j  com.sun.prism.es2.MacGLFactory.nInitialize([I)J+0
j  com.sun.prism.es2.MacGLFactory.initialize(Ljava/lang/Class;Lcom/sun/prism/es2/GLPixelFormat$Attributes;)Z+73
j  com.sun.prism.es2.ES2Pipeline.<clinit>()V+49
v  ~StubRoutines::call_stub
V  [libjvm.dylib+0x2ed9d6]
V  [libjvm.dylib+0x2c05c9]
V  [libjvm.dylib+0x2c1c2d]
V  [libjvm.dylib+0x2c1ec3]
V  [libjvm.dylib+0x345ecf]
V  [libjvm.dylib+0x3503de]
C  [libjava.dylib+0x209d]  Java_java_lang_Class_forName0+0x13f
j  java.lang.Class.forName0(Ljava/lang/String;ZLjava/lang/ClassLoader;Ljava/lang/Class;)Ljava/lang/Class;+0
j  java.lang.Class.forName(Ljava/lang/String;)Ljava/lang/Class;+11
j  com.sun.prism.GraphicsPipeline.createPipeline()Lcom/sun/prism/GraphicsPipeline;+232
j  com.sun.javafx.tk.quantum.QuantumRenderer$PipelineRunnable.init()V+0
j  com.sun.javafx.tk.quantum.QuantumRenderer$PipelineRunnable.run()V+1
j  java.lang.Thread.run()V+11
v  ~StubRoutines::call_stub
V  [libjvm.dylib+0x2ed9d6]
V  [libjvm.dylib+0x2ee164]
V  [libjvm.dylib+0x2ee310]
V  [libjvm.dylib+0x348a5d]
V  [libjvm.dylib+0x56ab0f]
V  [libjvm.dylib+0x56c1fc]
V  [libjvm.dylib+0x48a5b2]
C  [libsystem_pthread.dylib+0x399d]  _pthread_body+0x83
C  [libsystem_pthread.dylib+0x391a]  _pthread_body+0x0
C  [libsystem_pthread.dylib+0x1351]  thread_start+0xd
C  0x0000000000000000

Java frames: (J=compiled Java code, j=interpreted, Vv=VM code)
j  com.sun.prism.es2.MacGLFactory.nInitialize([I)J+0
j  com.sun.prism.es2.MacGLFactory.initialize(Ljava/lang/Class;Lcom/sun/prism/es2/GLPixelFormat$Attributes;)Z+73
j  com.sun.prism.es2.ES2Pipeline.<clinit>()V+49
v  ~StubRoutines::call_stub
j  java.lang.Class.forName0(Ljava/lang/String;ZLjava/lang/ClassLoader;Ljava/lang/Class;)Ljava/lang/Class;+0
j  java.lang.Class.forName(Ljava/lang/String;)Ljava/lang/Class;+11
j  com.sun.prism.GraphicsPipeline.createPipeline()Lcom/sun/prism/GraphicsPipeline;+232
j  com.sun.javafx.tk.quantum.QuantumRenderer$PipelineRunnable.init()V+0
j  com.sun.javafx.tk.quantum.QuantumRenderer$PipelineRunnable.run()V+1
j  java.lang.Thread.run()V+11
v  ~StubRoutines::call_stub

---------------  P R O C E S S  ---------------

Java Threads: ( => current thread )
=>0x00007f93018bc800 JavaThread "QuantumRenderer-0" daemon [_thread_in_native, id=22275, stack(0x0000700001559000,0x0000700001659000)]
  0x00007f930088e800 JavaThread "Service Thread" daemon [_thread_blocked, id=21251, stack(0x0000700001353000,0x0000700001453000)]
  0x00007f930087d800 JavaThread "C1 CompilerThread3" daemon [_thread_blocked, id=20739, stack(0x0000700001250000,0x0000700001350000)]
  0x00007f9304803000 JavaThread "C2 CompilerThread2" daemon [_thread_blocked, id=20227, stack(0x000070000114d000,0x000070000124d000)]
  0x00007f930083c800 JavaThread "C2 CompilerThread1" daemon [_thread_blocked, id=19715, stack(0x000070000104a000,0x000070000114a000)]
  0x00007f9303032000 JavaThread "C2 CompilerThread0" daemon [_thread_blocked, id=19203, stack(0x0000700000f47000,0x0000700001047000)]
  0x00007f930304a000 JavaThread "Signal Dispatcher" daemon [_thread_blocked, id=15887, stack(0x0000700000e44000,0x0000700000f44000)]
  0x00007f930086d800 JavaThread "Finalizer" daemon [_thread_blocked, id=14339, stack(0x0000700000c3b000,0x0000700000d3b000)]
  0x00007f930086b000 JavaThread "Reference Handler" daemon [_thread_blocked, id=13827, stack(0x0000700000b38000,0x0000700000c38000)]
  0x00007f9300806800 JavaThread "main" [_thread_blocked, id=4099, stack(0x0000700000084000,0x0000700000184000)]

Other Threads:
  0x00007f9300866000 VMThread [stack: 0x0000700000a35000,0x0000700000b35000] [id=13315]
  0x00007f930300c800 WatcherThread [stack: 0x0000700001456000,0x0000700001556000] [id=21763]

VM state:not at safepoint (normal execution)

VM Mutex/Monitor currently owned by a thread: None

Heap:
 PSYoungGen      total 76288K, used 7864K [0x000000076ab00000, 0x0000000770000000, 0x00000007c0000000)
  eden space 65536K, 12% used [0x000000076ab00000,0x000000076b2ae180,0x000000076eb00000)
  from space 10752K, 0% used [0x000000076f580000,0x000000076f580000,0x0000000770000000)
  to   space 10752K, 0% used [0x000000076eb00000,0x000000076eb00000,0x000000076f580000)
 ParOldGen       total 175104K, used 0K [0x00000006c0000000, 0x00000006cab00000, 0x000000076ab00000)
  object space 175104K, 0% used [0x00000006c0000000,0x00000006c0000000,0x00000006cab00000)
 Metaspace       used 4978K, capacity 5522K, committed 5632K, reserved 1056768K
  class space    used 567K, capacity 662K, committed 768K, reserved 1048576K

Card table byte_map: [0x0000000119fc0000,0x000000011a7c1000] byte_map_base: 0x00000001169c0000

Marking Bits: (ParMarkBitMap*) 0x000000010945dd30
 Begin Bits: [0x000000011ad17000, 0x000000011ed17000)
 End Bits:   [0x000000011ed17000, 0x0000000122d17000)

Polling page: 0x0000000109b56000

CodeCache: size=245760Kb used=1677Kb max_used=1679Kb free=244082Kb
 bounds [0x000000010ac00000, 0x000000010ae70000, 0x0000000119c00000]
 total_blobs=614 nmethods=315 adapters=213
 compilation: enabled

Compilation events (10 events):
Event: 0.241 Thread 0x00007f930087d800  311       1       java.util.jar.Manifest::getMainAttributes (5 bytes)
Event: 0.241 Thread 0x00007f930087d800 nmethod 311 0x000000010ada2310 code [0x000000010ada2460, 0x000000010ada2570]
Event: 0.242 Thread 0x00007f930087d800  312       1       sun.misc.URLClassPath$Loader::getBaseURL (5 bytes)
Event: 0.242 Thread 0x00007f930087d800 nmethod 312 0x000000010ada2050 code [0x000000010ada21a0, 0x000000010ada22b0]
Event: 0.242 Thread 0x00007f930087d800  314  s    3       sun.misc.Resource::cachedInputStream (20 bytes)
Event: 0.243 Thread 0x00007f930087d800 nmethod 314 0x000000010ad9fa90 code [0x000000010ad9fc00, 0x000000010ad9ffe8]
Event: 0.243 Thread 0x00007f930087d800  313       1       java.util.jar.Manifest::getEntries (5 bytes)
Event: 0.243 Thread 0x00007f930087d800 nmethod 313 0x000000010ad9f7d0 code [0x000000010ad9f920, 0x000000010ad9fa30]
Event: 0.243 Thread 0x00007f930087d800  315       1       java.util.jar.JarFile::access$300 (5 bytes)
Event: 0.243 Thread 0x00007f930087d800 nmethod 315 0x000000010ad9f510 code [0x000000010ad9f660, 0x000000010ad9f750]

GC Heap History (0 events):
No events

Deoptimization events (0 events):
No events

Internal exceptions (10 events):
Event: 0.090 Thread 0x00007f9300806800 Exception <a 'java/util/zip/ZipException'> (0x000000076abbd590) thrown at [/Users/java_re/workspace/8-2-build-macosx-x86_64/jdk8u121/8372/hotspot/src/share/vm/prims/jni.cpp, line 709]
Event: 0.090 Thread 0x00007f9300806800 Exception <a 'java/security/PrivilegedActionException'> (0x000000076abbd798) thrown at [/Users/java_re/workspace/8-2-build-macosx-x86_64/jdk8u121/8372/hotspot/src/share/vm/prims/jvm.cpp, line 1390]
Event: 0.090 Thread 0x00007f9300806800 Exception <a 'java/security/PrivilegedActionException'> (0x000000076abbd9a8) thrown at [/Users/java_re/workspace/8-2-build-macosx-x86_64/jdk8u121/8372/hotspot/src/share/vm/prims/jvm.cpp, line 1390]
Event: 0.136 Thread 0x00007f9300806800 Exception <a 'java/lang/NoSuchFieldError': method resolution failed> (0x000000076ae29bb8) thrown at [/Users/java_re/workspace/8-2-build-macosx-x86_64/jdk8u121/8372/hotspot/src/share/vm/prims/methodHandles.cpp, line 1146]
Event: 0.137 Thread 0x00007f9300806800 Exception <a 'java/lang/NoSuchFieldError': method resolution failed> (0x000000076ae36f38) thrown at [/Users/java_re/workspace/8-2-build-macosx-x86_64/jdk8u121/8372/hotspot/src/share/vm/prims/methodHandles.cpp, line 1146]
Event: 0.158 Thread 0x00007f9300806800 Exception <a 'java/security/PrivilegedActionException'> (0x000000076aec4790) thrown at [/Users/java_re/workspace/8-2-build-macosx-x86_64/jdk8u121/8372/hotspot/src/share/vm/prims/jvm.cpp, line 1390]
Event: 0.158 Thread 0x00007f9300806800 Exception <a 'java/security/PrivilegedActionException'> (0x000000076aec49a0) thrown at [/Users/java_re/workspace/8-2-build-macosx-x86_64/jdk8u121/8372/hotspot/src/share/vm/prims/jvm.cpp, line 1390]
Event: 0.158 Thread 0x00007f9300806800 Exception <a 'java/security/PrivilegedActionException'> (0x000000076aec7cd0) thrown at [/Users/java_re/workspace/8-2-build-macosx-x86_64/jdk8u121/8372/hotspot/src/share/vm/prims/jvm.cpp, line 1390]
Event: 0.158 Thread 0x00007f9300806800 Exception <a 'java/security/PrivilegedActionException'> (0x000000076aec7ee0) thrown at [/Users/java_re/workspace/8-2-build-macosx-x86_64/jdk8u121/8372/hotspot/src/share/vm/prims/jvm.cpp, line 1390]
Event: 0.159 Thread 0x00007f9300806800 Exception <a 'java/lang/NullPointerException'> (0x000000076aec9858) thrown at [/Users/java_re/workspace/8-2-build-macosx-x86_64/jdk8u121/8372/hotspot/src/share/vm/interpreter/linkResolver.cpp, line 1178]

Events (10 events):
Event: 0.242 loading class com/sun/prism/es2/MacGLContext
Event: 0.242 loading class com/sun/prism/es2/MacGLContext done
Event: 0.242 loading class com/sun/prism/es2/GLDrawable
Event: 0.242 loading class com/sun/prism/es2/GLDrawable done
Event: 0.242 loading class com/sun/prism/es2/MacGLDrawable
Event: 0.242 loading class com/sun/prism/es2/MacGLDrawable done
Event: 0.243 loading class com/sun/prism/es2/MacGLPixelFormat
Event: 0.243 loading class com/sun/prism/es2/MacGLPixelFormat done
Event: 0.243 loading class com/sun/prism/es2/GLGPUInfo
Event: 0.243 loading class com/sun/prism/es2/GLGPUInfo done


Dynamic libraries:
0x0000000008802000 	/System/Library/Frameworks/Cocoa.framework/Versions/A/Cocoa
0x0000000008802000 	/System/Library/Frameworks/Security.framework/Versions/A/Security
0x0000000008802000 	/System/Library/Frameworks/ApplicationServices.framework/Versions/A/ApplicationServices
0x0000000008802000 	/usr/lib/libz.1.dylib
0x0000000008802000 	/usr/lib/libSystem.B.dylib
0x0000000008802000 	/usr/lib/libobjc.A.dylib
0x0000000008802000 	/System/Library/Frameworks/CoreFoundation.framework/Versions/A/CoreFoundation
0x0000000008802000 	/System/Library/Frameworks/Foundation.framework/Versions/C/Foundation
0x0000000008802000 	/System/Library/Frameworks/AppKit.framework/Versions/C/AppKit
0x0000000008802000 	/System/Library/Frameworks/CoreData.framework/Versions/A/CoreData
0x0000000008802000 	/System/Library/PrivateFrameworks/RemoteViewServices.framework/Versions/A/RemoteViewServices
0x0000000008802000 	/System/Library/PrivateFrameworks/UIFoundation.framework/Versions/A/UIFoundation
0x0000000008802000 	/usr/lib/libScreenReader.dylib
0x0000000008802000 	/System/Library/Frameworks/Accelerate.framework/Versions/A/Accelerate
0x0000000008802000 	/System/Library/Frameworks/IOSurface.framework/Versions/A/IOSurface
0x0000000008802000 	/System/Library/Frameworks/AudioToolbox.framework/Versions/A/AudioToolbox
0x0000000008802000 	/System/Library/Frameworks/AudioUnit.framework/Versions/A/AudioUnit
0x0000000008802000 	/System/Library/PrivateFrameworks/DataDetectorsCore.framework/Versions/A/DataDetectorsCore
0x0000000008802000 	/System/Library/PrivateFrameworks/DesktopServicesPriv.framework/Versions/A/DesktopServicesPriv
0x0000000008802000 	/System/Library/Frameworks/Carbon.framework/Versions/A/Frameworks/HIToolbox.framework/Versions/A/HIToolbox
0x0000000008802000 	/System/Library/Frameworks/QuartzCore.framework/Versions/A/QuartzCore
0x0000000008802000 	/System/Library/Frameworks/Carbon.framework/Versions/A/Frameworks/SpeechRecognition.framework/Versions/A/SpeechRecognition
0x0000000008802000 	/usr/lib/libauto.dylib
0x0000000008802000 	/usr/lib/libicucore.A.dylib
0x0000000008802000 	/usr/lib/libxml2.2.dylib
0x0000000008802000 	/System/Library/PrivateFrameworks/CoreUI.framework/Versions/A/CoreUI
0x0000000008802000 	/System/Library/Frameworks/CoreAudio.framework/Versions/A/CoreAudio
0x0000000008802000 	/System/Library/Frameworks/DiskArbitration.framework/Versions/A/DiskArbitration
0x0000000008802000 	/usr/lib/liblangid.dylib
0x0000000008802000 	/System/Library/PrivateFrameworks/MultitouchSupport.framework/Versions/A/MultitouchSupport
0x0000000008802000 	/System/Library/Frameworks/IOKit.framework/Versions/A/IOKit
0x0000000008802000 	/usr/lib/libDiagnosticMessagesClient.dylib
0x0000000008802000 	/System/Library/Frameworks/CoreServices.framework/Versions/A/CoreServices
0x0000000008802000 	/System/Library/PrivateFrameworks/PerformanceAnalysis.framework/Versions/A/PerformanceAnalysis
0x0000000008802000 	/System/Library/PrivateFrameworks/GenerationalStorage.framework/Versions/A/GenerationalStorage
0x0000000008802000 	/System/Library/Frameworks/OpenGL.framework/Versions/A/OpenGL
0x0000000008802000 	/System/Library/PrivateFrameworks/Sharing.framework/Versions/A/Sharing
0x0000000008802000 	/System/Library/Frameworks/CoreGraphics.framework/Versions/A/CoreGraphics
0x0000000008802000 	/System/Library/Frameworks/CoreImage.framework/Versions/A/CoreImage
0x0000000008802000 	/System/Library/Frameworks/CoreText.framework/Versions/A/CoreText
0x0000000008802000 	/System/Library/Frameworks/ImageIO.framework/Versions/A/ImageIO
0x0000000008802000 	/System/Library/PrivateFrameworks/Backup.framework/Versions/A/Backup
0x0000000008802000 	/usr/lib/libextension.dylib
0x0000000008802000 	/usr/lib/libarchive.2.dylib
0x0000000008802000 	/System/Library/Frameworks/CFNetwork.framework/Versions/A/CFNetwork
0x0000000008802000 	/System/Library/Frameworks/SystemConfiguration.framework/Versions/A/SystemConfiguration
0x0000000008802000 	/usr/lib/libCRFSuite.dylib
0x0000000008802000 	/usr/lib/libc++.1.dylib
0x0000000008802000 	/usr/lib/libc++abi.dylib
0x0000000008802000 	/usr/lib/system/libcache.dylib
0x0000000008802000 	/usr/lib/system/libcommonCrypto.dylib
0x0000000008802000 	/usr/lib/system/libcompiler_rt.dylib
0x0000000008802000 	/usr/lib/system/libcopyfile.dylib
0x0000000008802000 	/usr/lib/system/libcorecrypto.dylib
0x0000000008802000 	/usr/lib/system/libdispatch.dylib
0x0000000008802000 	/usr/lib/system/libdyld.dylib
0x0000000008802000 	/usr/lib/system/libkeymgr.dylib
0x0000000008802000 	/usr/lib/system/liblaunch.dylib
0x0000000008802000 	/usr/lib/system/libmacho.dylib
0x0000000008802000 	/usr/lib/system/libquarantine.dylib
0x0000000008802000 	/usr/lib/system/libremovefile.dylib
0x0000000008802000 	/usr/lib/system/libsystem_asl.dylib
0x0000000008802000 	/usr/lib/system/libsystem_blocks.dylib
0x0000000008802000 	/usr/lib/system/libsystem_c.dylib
0x0000000008802000 	/usr/lib/system/libsystem_configuration.dylib
0x0000000008802000 	/usr/lib/system/libsystem_coreservices.dylib
0x0000000008802000 	/usr/lib/system/libsystem_coretls.dylib
0x0000000008802000 	/usr/lib/system/libsystem_dnssd.dylib
0x0000000008802000 	/usr/lib/system/libsystem_info.dylib
0x0000000008802000 	/usr/lib/system/libsystem_kernel.dylib
0x0000000008802000 	/usr/lib/system/libsystem_m.dylib
0x0000000008802000 	/usr/lib/system/libsystem_malloc.dylib
0x0000000008802000 	/usr/lib/system/libsystem_network.dylib
0x0000000008802000 	/usr/lib/system/libsystem_networkextension.dylib
0x0000000008802000 	/usr/lib/system/libsystem_notify.dylib
0x0000000008802000 	/usr/lib/system/libsystem_platform.dylib
0x0000000008802000 	/usr/lib/system/libsystem_pthread.dylib
0x0000000008802000 	/usr/lib/system/libsystem_sandbox.dylib
0x0000000008802000 	/usr/lib/system/libsystem_secinit.dylib
0x0000000008802000 	/usr/lib/system/libsystem_trace.dylib
0x0000000008802000 	/usr/lib/system/libunc.dylib
0x0000000008802000 	/usr/lib/system/libunwind.dylib
0x0000000008802000 	/usr/lib/system/libxpc.dylib
0x0000000008802000 	/usr/lib/libenergytrace.dylib
0x0000000008802000 	/usr/lib/libbsm.0.dylib
0x0000000008802000 	/usr/lib/system/libkxld.dylib
0x0000000008802000 	/usr/lib/libxar.1.dylib
0x0000000008802000 	/usr/lib/libsqlite3.dylib
0x0000000008802000 	/usr/lib/libpam.2.dylib
0x0000000008802000 	/usr/lib/libOpenScriptingUtil.dylib
0x0000000008802000 	/usr/lib/libbz2.1.0.dylib
0x0000000008802000 	/usr/lib/liblzma.5.dylib
0x0000000008802000 	/System/Library/Frameworks/CoreServices.framework/Versions/A/Frameworks/FSEvents.framework/Versions/A/FSEvents
0x0000000008802000 	/System/Library/Frameworks/CoreServices.framework/Versions/A/Frameworks/CarbonCore.framework/Versions/A/CarbonCore
0x0000000008802000 	/System/Library/Frameworks/CoreServices.framework/Versions/A/Frameworks/Metadata.framework/Versions/A/Metadata
0x0000000008802000 	/System/Library/Frameworks/CoreServices.framework/Versions/A/Frameworks/OSServices.framework/Versions/A/OSServices
0x0000000008802000 	/System/Library/Frameworks/CoreServices.framework/Versions/A/Frameworks/SearchKit.framework/Versions/A/SearchKit
0x0000000008802000 	/System/Library/Frameworks/CoreServices.framework/Versions/A/Frameworks/AE.framework/Versions/A/AE
0x0000000008802000 	/System/Library/Frameworks/CoreServices.framework/Versions/A/Frameworks/LaunchServices.framework/Versions/A/LaunchServices
0x0000000008802000 	/System/Library/Frameworks/CoreServices.framework/Versions/A/Frameworks/DictionaryServices.framework/Versions/A/DictionaryServices
0x0000000008802000 	/System/Library/Frameworks/CoreServices.framework/Versions/A/Frameworks/SharedFileList.framework/Versions/A/SharedFileList
0x0000000008802000 	/System/Library/Frameworks/NetFS.framework/Versions/A/NetFS
0x0000000008802000 	/System/Library/PrivateFrameworks/NetAuth.framework/Versions/A/NetAuth
0x0000000008802000 	/System/Library/PrivateFrameworks/login.framework/Versions/A/Frameworks/loginsupport.framework/Versions/A/loginsupport
0x0000000008802000 	/System/Library/PrivateFrameworks/TCC.framework/Versions/A/TCC
0x0000000008802000 	/usr/lib/libmecabra.dylib
0x0000000008802000 	/System/Library/Frameworks/ApplicationServices.framework/Versions/A/Frameworks/ATS.framework/Versions/A/ATS
0x0000000008802000 	/System/Library/Frameworks/ApplicationServices.framework/Versions/A/Frameworks/ColorSync.framework/Versions/A/ColorSync
0x0000000008802000 	/System/Library/Frameworks/ApplicationServices.framework/Versions/A/Frameworks/HIServices.framework/Versions/A/HIServices
0x0000000008802000 	/System/Library/Frameworks/ApplicationServices.framework/Versions/A/Frameworks/LangAnalysis.framework/Versions/A/LangAnalysis
0x0000000008802000 	/System/Library/Frameworks/ApplicationServices.framework/Versions/A/Frameworks/PrintCore.framework/Versions/A/PrintCore
0x0000000008802000 	/System/Library/Frameworks/ApplicationServices.framework/Versions/A/Frameworks/QD.framework/Versions/A/QD
0x0000000008802000 	/System/Library/Frameworks/ApplicationServices.framework/Versions/A/Frameworks/SpeechSynthesis.framework/Versions/A/SpeechSynthesis
0x0000000008802000 	/System/Library/Frameworks/Metal.framework/Versions/A/Metal
0x0000000008802000 	/System/Library/Frameworks/Accelerate.framework/Versions/A/Frameworks/vImage.framework/Versions/A/vImage
0x0000000008802000 	/System/Library/Frameworks/Accelerate.framework/Versions/A/Frameworks/vecLib.framework/Versions/A/vecLib
0x0000000008802000 	/System/Library/Frameworks/Accelerate.framework/Versions/A/Frameworks/vecLib.framework/Versions/A/libvDSP.dylib
0x0000000008802000 	/System/Library/Frameworks/Accelerate.framework/Versions/A/Frameworks/vecLib.framework/Versions/A/libvMisc.dylib
0x0000000008802000 	/System/Library/Frameworks/Accelerate.framework/Versions/A/Frameworks/vecLib.framework/Versions/A/libLAPACK.dylib
0x0000000008802000 	/System/Library/Frameworks/Accelerate.framework/Versions/A/Frameworks/vecLib.framework/Versions/A/libBLAS.dylib
0x0000000008802000 	/System/Library/Frameworks/Accelerate.framework/Versions/A/Frameworks/vecLib.framework/Versions/A/libLinearAlgebra.dylib
0x0000000008802000 	/System/Library/Frameworks/Accelerate.framework/Versions/A/Frameworks/vecLib.framework/Versions/A/libSparseBLAS.dylib
0x0000000008802000 	/System/Library/PrivateFrameworks/GPUCompiler.framework/libmetal_timestamp.dylib
0x0000000008802000 	/System/Library/Frameworks/OpenGL.framework/Versions/A/Libraries/libCoreFSCache.dylib
0x0000000008802000 	/System/Library/PrivateFrameworks/IOAccelerator.framework/Versions/A/IOAccelerator
0x0000000008802000 	/System/Library/Frameworks/ApplicationServices.framework/Versions/A/Frameworks/ATS.framework/Versions/A/Resources/libFontParser.dylib
0x0000000008802000 	/System/Library/Frameworks/ApplicationServices.framework/Versions/A/Frameworks/ATS.framework/Versions/A/Resources/libFontRegistry.dylib
0x0000000008802000 	/System/Library/PrivateFrameworks/AppleVPA.framework/Versions/A/AppleVPA
0x0000000008802000 	/System/Library/PrivateFrameworks/AppleJPEG.framework/Versions/A/AppleJPEG
0x0000000008802000 	/System/Library/Frameworks/ImageIO.framework/Versions/A/Resources/libJPEG.dylib
0x0000000008802000 	/System/Library/Frameworks/ImageIO.framework/Versions/A/Resources/libTIFF.dylib
0x0000000008802000 	/System/Library/Frameworks/ImageIO.framework/Versions/A/Resources/libPng.dylib
0x0000000008802000 	/System/Library/Frameworks/ImageIO.framework/Versions/A/Resources/libGIF.dylib
0x0000000008802000 	/System/Library/Frameworks/ImageIO.framework/Versions/A/Resources/libJP2.dylib
0x0000000008802000 	/System/Library/Frameworks/ImageIO.framework/Versions/A/Resources/libRadiance.dylib
0x0000000008802000 	/System/Library/Frameworks/CoreVideo.framework/Versions/A/CoreVideo
0x0000000008802000 	/System/Library/Frameworks/OpenGL.framework/Versions/A/Libraries/libGLU.dylib
0x0000000008802000 	/System/Library/Frameworks/OpenGL.framework/Versions/A/Libraries/libGFXShared.dylib
0x0000000008802000 	/System/Library/Frameworks/OpenGL.framework/Versions/A/Libraries/libGL.dylib
0x0000000008802000 	/System/Library/Frameworks/OpenGL.framework/Versions/A/Libraries/libGLImage.dylib
0x0000000008802000 	/System/Library/Frameworks/OpenGL.framework/Versions/A/Libraries/libCVMSPluginSupport.dylib
0x0000000008802000 	/System/Library/Frameworks/OpenGL.framework/Versions/A/Libraries/libCoreVMClient.dylib
0x0000000008802000 	/usr/lib/libcompression.dylib
0x0000000008802000 	/usr/lib/libcups.2.dylib
0x0000000008802000 	/System/Library/Frameworks/Kerberos.framework/Versions/A/Kerberos
0x0000000008802000 	/System/Library/Frameworks/GSS.framework/Versions/A/GSS
0x0000000008802000 	/usr/lib/libresolv.9.dylib
0x0000000008802000 	/usr/lib/libiconv.2.dylib
0x0000000008802000 	/System/Library/PrivateFrameworks/Heimdal.framework/Versions/A/Heimdal
0x0000000008802000 	/usr/lib/libheimdal-asn1.dylib
0x0000000008802000 	/System/Library/Frameworks/OpenDirectory.framework/Versions/A/OpenDirectory
0x0000000008802000 	/System/Library/PrivateFrameworks/CommonAuth.framework/Versions/A/CommonAuth
0x0000000008802000 	/System/Library/Frameworks/OpenDirectory.framework/Versions/A/Frameworks/CFOpenDirectory.framework/Versions/A/CFOpenDirectory
0x0000000008802000 	/System/Library/Frameworks/SecurityFoundation.framework/Versions/A/SecurityFoundation
0x0000000008802000 	/System/Library/PrivateFrameworks/LanguageModeling.framework/Versions/A/LanguageModeling
0x0000000008802000 	/usr/lib/libmarisa.dylib
0x0000000008802000 	/usr/lib/libChineseTokenizer.dylib
0x0000000008802000 	/usr/lib/libcmph.dylib
0x0000000008802000 	/System/Library/Frameworks/ServiceManagement.framework/Versions/A/ServiceManagement
0x0000000008802000 	/usr/lib/libxslt.1.dylib
0x0000000008802000 	/System/Library/Frameworks/Carbon.framework/Versions/A/Frameworks/Ink.framework/Versions/A/Ink
0x0000000008802000 	/usr/lib/libFosl_dynamic.dylib
0x0000000008802000 	/System/Library/PrivateFrameworks/FaceCore.framework/Versions/A/FaceCore
0x0000000008802000 	/System/Library/Frameworks/OpenCL.framework/Versions/A/OpenCL
0x0000000008802000 	/System/Library/PrivateFrameworks/CrashReporterSupport.framework/Versions/A/CrashReporterSupport
0x0000000008802000 	/System/Library/PrivateFrameworks/IconServices.framework/Versions/A/IconServices
0x0000000008802000 	/System/Library/PrivateFrameworks/Apple80211.framework/Versions/A/Apple80211
0x0000000008802000 	/System/Library/Frameworks/CoreWLAN.framework/Versions/A/CoreWLAN
0x0000000008802000 	/System/Library/Frameworks/IOBluetooth.framework/Versions/A/IOBluetooth
0x0000000008802000 	/System/Library/PrivateFrameworks/CoreWiFi.framework/Versions/A/CoreWiFi
0x0000000008802000 	/System/Library/Frameworks/CoreBluetooth.framework/Versions/A/CoreBluetooth
0x0000000008802000 	/System/Library/PrivateFrameworks/ChunkingLibrary.framework/Versions/A/ChunkingLibrary
0x0000000008802000 	/System/Library/PrivateFrameworks/DebugSymbols.framework/Versions/A/DebugSymbols
0x0000000008802000 	/System/Library/PrivateFrameworks/CoreSymbolication.framework/Versions/A/CoreSymbolication
0x0000000008802000 	/System/Library/PrivateFrameworks/Symbolication.framework/Versions/A/Symbolication
0x0000000008802000 	/System/Library/PrivateFrameworks/SpeechRecognitionCore.framework/Versions/A/SpeechRecognitionCore
0x0000000108b6d000 	/Library/Java/JavaVirtualMachines/jdk1.8.0_121.jdk/Contents/Home/jre/lib/server/libjvm.dylib
0x0000000008802000 	/usr/lib/libstdc++.6.dylib
0x0000000109b13000 	/Library/Java/JavaVirtualMachines/jdk1.8.0_121.jdk/Contents/Home/jre/lib/libverify.dylib
0x0000000109b21000 	/Library/Java/JavaVirtualMachines/jdk1.8.0_121.jdk/Contents/Home/jre/lib/libjava.dylib
0x0000000109b60000 	/Library/Java/JavaVirtualMachines/jdk1.8.0_121.jdk/Contents/Home/jre/lib/libzip.dylib
0x0000000125bfe000 	/System/Library/Frameworks/JavaVM.framework/Frameworks/JavaRuntimeSupport.framework/JavaRuntimeSupport
0x0000000125c19000 	/System/Library/Frameworks/JavaVM.framework/Versions/A/Frameworks/JavaNativeFoundation.framework/Versions/A/JavaNativeFoundation
0x0000000125c2e000 	/System/Library/Frameworks/JavaVM.framework/Versions/A/JavaVM
0x0000000008802000 	/System/Library/Frameworks/Carbon.framework/Versions/A/Carbon
0x0000000125c3b000 	/System/Library/PrivateFrameworks/JavaLaunching.framework/Versions/A/JavaLaunching
0x0000000008802000 	/System/Library/Frameworks/Carbon.framework/Versions/A/Frameworks/CommonPanels.framework/Versions/A/CommonPanels
0x0000000008802000 	/System/Library/Frameworks/Carbon.framework/Versions/A/Frameworks/Help.framework/Versions/A/Help
0x0000000008802000 	/System/Library/Frameworks/Carbon.framework/Versions/A/Frameworks/ImageCapture.framework/Versions/A/ImageCapture
0x0000000008802000 	/System/Library/Frameworks/Carbon.framework/Versions/A/Frameworks/OpenScripting.framework/Versions/A/OpenScripting
0x0000000008802000 	/System/Library/Frameworks/Carbon.framework/Versions/A/Frameworks/Print.framework/Versions/A/Print
0x0000000008802000 	/System/Library/Frameworks/Carbon.framework/Versions/A/Frameworks/SecurityHI.framework/Versions/A/SecurityHI
0x000000012762b000 	/Library/Java/JavaVirtualMachines/jdk1.8.0_121.jdk/Contents/Home/jre/lib/libprism_es2.dylib
0x0000000008802000 	/System/Library/Frameworks/OpenGL.framework/Versions/A/Resources/GLEngine.bundle/GLEngine
0x0000000008802000 	/System/Library/Frameworks/OpenGL.framework/Versions/A/Libraries/libGLProgrammability.dylib
0x0000000008802000 	/System/Library/Frameworks/OpenGL.framework/Versions/A/Resources/GLRendererFloat.bundle/GLRendererFloat
0x0000000008802000 	/System/Library/Frameworks/OpenCL.framework/Versions/A/Libraries/libcldcpuengine.dylib
0x0000000008802000 	/System/Library/PrivateFrameworks/DiskImages.framework/Versions/A/DiskImages
0x0000000008802000 	/System/Library/Frameworks/DiscRecording.framework/Versions/A/DiscRecording
0x0000000008802000 	/usr/lib/libcsfde.dylib
0x0000000008802000 	/usr/lib/libcurl.4.dylib
0x0000000008802000 	/System/Library/PrivateFrameworks/MediaKit.framework/Versions/A/MediaKit
0x0000000008802000 	/System/Library/PrivateFrameworks/ProtectedCloudStorage.framework/Versions/A/ProtectedCloudStorage
0x0000000008802000 	/usr/lib/libCoreStorage.dylib
0x0000000008802000 	/System/Library/PrivateFrameworks/EFILogin.framework/Versions/A/EFILogin
0x0000000008802000 	/usr/lib/libutil.dylib
0x0000000008802000 	/System/Library/PrivateFrameworks/FindMyDevice.framework/Versions/A/FindMyDevice
0x0000000008802000 	/System/Library/Frameworks/LDAP.framework/Versions/A/LDAP
0x0000000008802000 	/usr/lib/libsasl2.2.dylib
0x0000000008802000 	/System/Library/PrivateFrameworks/CoreDaemon.framework/Versions/B/CoreDaemon
0x0000000008802000 	/usr/lib/libcrypto.0.9.8.dylib
0x0000000008802000 	/System/Library/PrivateFrameworks/AppleSRP.framework/Versions/A/AppleSRP
0x0000000008802000 	/System/Library/PrivateFrameworks/TrustEvaluationAgent.framework/Versions/A/TrustEvaluationAgent

VM Arguments:
jvm_args: -Dfile.encoding=UTF-8 
java_command: /Users/joshua/Documents/MC/CSC416/PIP/dist/run1227765827/PIP.jar
java_class_path (initial): /Users/joshua/Documents/MC/CSC416/PIP/dist/run1227765827/PIP.jar
Launcher Type: SUN_STANDARD

Environment Variables:
PATH=/usr/bin:/bin:/usr/sbin:/sbin
LD_LIBRARY_PATH=/Library/Java/JavaVirtualMachines/jdk1.8.0_121.jdk/Contents/Home/jre/lib/amd64:/Library/Java/JavaVirtualMachines/jdk1.8.0_121.jdk/Contents/Home/jre/lib/i386:
SHELL=/bin/zsh

Signal Handlers:
SIGSEGV: [libjvm.dylib+0x5b1141], sa_mask[0]=11111111011111110111111111111111, sa_flags=SA_ONSTACK|SA_RESTART|SA_SIGINFO
SIGBUS: [libjvm.dylib+0x5b1141], sa_mask[0]=11111111011111110111111111111111, sa_flags=SA_RESTART|SA_SIGINFO
SIGFPE: [libjvm.dylib+0x487bc4], sa_mask[0]=11111111011111110111111111111111, sa_flags=SA_RESTART|SA_SIGINFO
SIGPIPE: [libjvm.dylib+0x487bc4], sa_mask[0]=11111111011111110111111111111111, sa_flags=SA_RESTART|SA_SIGINFO
SIGXFSZ: [libjvm.dylib+0x487bc4], sa_mask[0]=11111111011111110111111111111111, sa_flags=SA_RESTART|SA_SIGINFO
SIGILL: [libjvm.dylib+0x487bc4], sa_mask[0]=11111111011111110111111111111111, sa_flags=SA_RESTART|SA_SIGINFO
SIGUSR1: SIG_DFL, sa_mask[0]=00000000000000000000000000000000, sa_flags=none
SIGUSR2: [libjvm.dylib+0x4876e2], sa_mask[0]=00100000000000000000000000000000, sa_flags=SA_RESTART|SA_SIGINFO
SIGHUP: [libjvm.dylib+0x485cb9], sa_mask[0]=11111111011111110111111111111111, sa_flags=SA_RESTART|SA_SIGINFO
SIGINT: SIG_IGN, sa_mask[0]=00000000000000000000000000000000, sa_flags=none
SIGTERM: [libjvm.dylib+0x485cb9], sa_mask[0]=11111111011111110111111111111111, sa_flags=SA_RESTART|SA_SIGINFO
SIGQUIT: [libjvm.dylib+0x485cb9], sa_mask[0]=11111111011111110111111111111111, sa_flags=SA_RESTART|SA_SIGINFO


---------------  S Y S T E M  ---------------

OS:Bsduname:Darwin 15.6.0 Darwin Kernel Version 15.6.0: Thu Jun 23 18:25:34 PDT 2016; root:xnu-3248.60.10~1/RELEASE_X86_64 x86_64
rlimit: STACK 8192k, CORE 0k, NPROC 709, NOFILE 10240, AS infinity
load average:3.18 1.27 0.51

CPU:total 8 (4 cores per cpu, 2 threads per core) family 6 model 70 stepping 1, cmov, cx8, fxsr, mmx, sse, sse2, sse3, ssse3, sse4.1, sse4.2, popcnt, avx, avx2, aes, clmul, erms, rtm, lzcnt, ht, tsc, tscinvbit, bmi1, bmi2

Memory: 4k page, physical 16777216k(501348k free)

/proc/meminfo:


vm_info: Java HotSpot(TM) 64-Bit Server VM (25.121-b13) for bsd-amd64 JRE (1.8.0_121-b13), built on Dec 12 2016 20:39:32 by "java_re" with gcc 4.2.1 (Based on Apple Inc. build 5658) (LLVM build 2336.11.00)

time: Thu Apr 20 12:18:51 2017
elapsed time: 0 seconds (0d 0h 0m 0s)

